# JRE version: OpenJDK Runtime Environment Temurin-17.0.9+9 (17.0.9+9) (build 17.0.9+9)
# Java VM: OpenJDK 64-Bit Server VM Temurin-17.0.9+9 (17.0.9+9, mixed mode, tiered, compressed oops, compressed class ptrs, parallel gc, windows-amd64)
GC Precious Log:
 CPUs: 4 total, 4 available
 Memory: 7969M
 Large Page Support: Disabled
 NUMA Support: Disabled
 Compressed Oops: Enabled (32-bit)
 Alignments: Space 512K, Generation 512K, Heap 2M
 Heap Min Capacity: 100M
 Heap Initial Capacity: 100M
 Heap Max Capacity: 1G
 Pre-touch: Disabled
 Parallel Workers: 4
Heap:
 PSYoungGen      total 17920K, used 9429K [0x00000000eab00000, 0x00000000ec600000, 0x0000000100000000)
  eden space 16896K, 51% used [0x00000000eab00000,0x00000000eb38d518,0x00000000ebb80000)
  from space 1024K, 65% used [0x00000000ec500000,0x00000000ec5a8000,0x00000000ec600000)
  to   space 1536K, 0% used [0x00000000ec300000,0x00000000ec300000,0x00000000ec480000)
 ParOldGen       total 101376K, used 89501K [0x00000000c0000000, 0x00000000c6300000, 0x00000000eab00000)
  object space 101376K, 88% used [0x00000000c0000000,0x00000000c5767638,0x00000000c6300000)
 Metaspace       used 69366K, committed 70528K, reserved 1114112K
  class space    used 7407K, committed 7872K, reserved 1048576K
GC Heap History (20 events):
Event: 12.355 GC heap before
{Heap before GC invocations=32 (full 3):
 PSYoungGen      total 22528K, used 22432K [0x00000000eab00000, 0x00000000ec400000, 0x0000000100000000)
  eden space 20992K, 100% used [0x00000000eab00000,0x00000000ebf80000,0x00000000ebf80000)
  from space 1536K, 93% used [0x00000000ec280000,0x00000000ec3e8000,0x00000000ec400000)
  to   space 2048K, 0% used [0x00000000ec000000,0x00000000ec000000,0x00000000ec200000)
 ParOldGen       total 68608K, used 31275K [0x00000000c0000000, 0x00000000c4300000, 0x00000000eab00000)
  object space 68608K, 45% used [0x00000000c0000000,0x00000000c1e8add0,0x00000000c4300000)
 Metaspace       used 61419K, committed 62528K, reserved 1114112K
  class space    used 6566K, committed 7040K, reserved 1048576K
}
Event: 12.357 GC heap after
{Heap after GC invocations=32 (full 3):
 PSYoungGen      total 23040K, used 1690K [0x00000000eab00000, 0x00000000ec380000, 0x0000000100000000)
  eden space 20992K, 0% used [0x00000000eab00000,0x00000000eab00000,0x00000000ebf80000)
  from space 2048K, 82% used [0x00000000ec000000,0x00000000ec1a6b40,0x00000000ec200000)
  to   space 1536K, 0% used [0x00000000ec200000,0x00000000ec200000,0x00000000ec380000)
 ParOldGen       total 68608K, used 32675K [0x00000000c0000000, 0x00000000c4300000, 0x00000000eab00000)
  object space 68608K, 47% used [0x00000000c0000000,0x00000000c1fe8dd0,0x00000000c4300000)
 Metaspace       used 61419K, committed 62528K, reserved 1114112K
  class space    used 6566K, committed 7040K, reserved 1048576K
}
Event: 12.991 GC heap before
{Heap before GC invocations=33 (full 3):
 PSYoungGen      total 23040K, used 22682K [0x00000000eab00000, 0x00000000ec380000, 0x0000000100000000)
  eden space 20992K, 100% used [0x00000000eab00000,0x00000000ebf80000,0x00000000ebf80000)
  from space 2048K, 82% used [0x00000000ec000000,0x00000000ec1a6b40,0x00000000ec200000)
  to   space 1536K, 0% used [0x00000000ec200000,0x00000000ec200000,0x00000000ec380000)
 ParOldGen       total 68608K, used 32675K [0x00000000c0000000, 0x00000000c4300000, 0x00000000eab00000)
  object space 68608K, 47% used [0x00000000c0000000,0x00000000c1fe8dd0,0x00000000c4300000)
 Metaspace       used 63746K, committed 64768K, reserved 1114112K
  class space    used 6785K, committed 7232K, reserved 1048576K
}
Event: 12.995 GC heap after
{Heap after GC invocations=33 (full 3):
 PSYoungGen      total 20480K, used 1515K [0x00000000eab00000, 0x00000000ec880000, 0x0000000100000000)
  eden space 18944K, 0% used [0x00000000eab00000,0x00000000eab00000,0x00000000ebd80000)
  from space 1536K, 98% used [0x00000000ec200000,0x00000000ec37afe0,0x00000000ec380000)
  to   space 4608K, 0% used [0x00000000ebd80000,0x00000000ebd80000,0x00000000ec200000)
 ParOldGen       total 68608K, used 34984K [0x00000000c0000000, 0x00000000c4300000, 0x00000000eab00000)
  object space 68608K, 50% used [0x00000000c0000000,0x00000000c222a260,0x00000000c4300000)
 Metaspace       used 63746K, committed 64768K, reserved 1114112K
  class space    used 6785K, committed 7232K, reserved 1048576K
}
Event: 14.473 GC heap before
{Heap before GC invocations=34 (full 3):
 PSYoungGen      total 20480K, used 19175K [0x00000000eab00000, 0x00000000ec880000, 0x0000000100000000)
  eden space 18944K, 93% used [0x00000000eab00000,0x00000000ebc3eca0,0x00000000ebd80000)
  from space 1536K, 98% used [0x00000000ec200000,0x00000000ec37afe0,0x00000000ec380000)
  to   space 4608K, 0% used [0x00000000ebd80000,0x00000000ebd80000,0x00000000ec200000)
 ParOldGen       total 68608K, used 36306K [0x00000000c0000000, 0x00000000c4300000, 0x00000000eab00000)
  object space 68608K, 52% used [0x00000000c0000000,0x00000000c23749e0,0x00000000c4300000)
 Metaspace       used 64683K, committed 65792K, reserved 1114112K
  class space    used 6876K, committed 7360K, reserved 1048576K
}
Event: 14.478 GC heap after
{Heap after GC invocations=34 (full 3):
 PSYoungGen      total 23552K, used 1087K [0x00000000eab00000, 0x00000000ec480000, 0x0000000100000000)
  eden space 18944K, 0% used [0x00000000eab00000,0x00000000eab00000,0x00000000ebd80000)
  from space 4608K, 23% used [0x00000000ebd80000,0x00000000ebe8fe80,0x00000000ec200000)
  to   space 2560K, 0% used [0x00000000ec200000,0x00000000ec200000,0x00000000ec480000)
 ParOldGen       total 68608K, used 37735K [0x00000000c0000000, 0x00000000c4300000, 0x00000000eab00000)
  object space 68608K, 55% used [0x00000000c0000000,0x00000000c24d9fa0,0x00000000c4300000)
 Metaspace       used 64683K, committed 65792K, reserved 1114112K
  class space    used 6876K, committed 7360K, reserved 1048576K
}
Event: 14.727 GC heap before
{Heap before GC invocations=35 (full 3):
 PSYoungGen      total 23552K, used 20031K [0x00000000eab00000, 0x00000000ec480000, 0x0000000100000000)
  eden space 18944K, 100% used [0x00000000eab00000,0x00000000ebd80000,0x00000000ebd80000)
  from space 4608K, 23% used [0x00000000ebd80000,0x00000000ebe8fe80,0x00000000ec200000)
  to   space 2560K, 0% used [0x00000000ec200000,0x00000000ec200000,0x00000000ec480000)
 ParOldGen       total 91136K, used 82736K [0x00000000c0000000, 0x00000000c5900000, 0x00000000eab00000)
  object space 91136K, 90% used [0x00000000c0000000,0x00000000c50cc3c8,0x00000000c5900000)
 Metaspace       used 65064K, committed 66112K, reserved 1114112K
  class space    used 6925K, committed 7360K, reserved 1048576K
}
Event: 14.732 GC heap after
{Heap after GC invocations=35 (full 3):
 PSYoungGen      total 19456K, used 2560K [0x00000000eab00000, 0x00000000eca80000, 0x0000000100000000)
  eden space 16896K, 0% used [0x00000000eab00000,0x00000000eab00000,0x00000000ebb80000)
  from space 2560K, 100% used [0x00000000ec200000,0x00000000ec480000,0x00000000ec480000)
  to   space 6656K, 0% used [0x00000000ebb80000,0x00000000ebb80000,0x00000000ec200000)
 ParOldGen       total 91136K, used 85856K [0x00000000c0000000, 0x00000000c5900000, 0x00000000eab00000)
  object space 91136K, 94% used [0x00000000c0000000,0x00000000c53d8178,0x00000000c5900000)
 Metaspace       used 65064K, committed 66112K, reserved 1114112K
  class space    used 6925K, committed 7360K, reserved 1048576K
}
Event: 14.787 GC heap before
{Heap before GC invocations=36 (full 3):
 PSYoungGen      total 19456K, used 19456K [0x00000000eab00000, 0x00000000eca80000, 0x0000000100000000)
  eden space 16896K, 100% used [0x00000000eab00000,0x00000000ebb80000,0x00000000ebb80000)
  from space 2560K, 100% used [0x00000000ec200000,0x00000000ec480000,0x00000000ec480000)
  to   space 6656K, 0% used [0x00000000ebb80000,0x00000000ebb80000,0x00000000ec200000)
 ParOldGen       total 91136K, used 85856K [0x00000000c0000000, 0x00000000c5900000, 0x00000000eab00000)
  object space 91136K, 94% used [0x00000000c0000000,0x00000000c53d8178,0x00000000c5900000)
 Metaspace       used 65064K, committed 66112K, reserved 1114112K
  class space    used 6925K, committed 7360K, reserved 1048576K
}
Event: 14.796 GC heap after
{Heap after GC invocations=36 (full 3):
 PSYoungGen      total 23552K, used 6656K [0x00000000eab00000, 0x00000000edc80000, 0x0000000100000000)
  eden space 16896K, 0% used [0x00000000eab00000,0x00000000eab00000,0x00000000ebb80000)
  from space 6656K, 100% used [0x00000000ebb80000,0x00000000ec200000,0x00000000ec200000)
  to   space 16896K, 0% used [0x00000000ecc00000,0x00000000ecc00000,0x00000000edc80000)
 ParOldGen       total 94208K, used 94200K [0x00000000c0000000, 0x00000000c5c00000, 0x00000000eab00000)
  object space 94208K, 99% used [0x00000000c0000000,0x00000000c5bfe178,0x00000000c5c00000)
 Metaspace       used 65064K, committed 66112K, reserved 1114112K
  class space    used 6925K, committed 7360K, reserved 1048576K
}
Event: 14.796 GC heap before
{Heap before GC invocations=37 (full 4):
 PSYoungGen      total 23552K, used 6656K [0x00000000eab00000, 0x00000000edc80000, 0x0000000100000000)
  eden space 16896K, 0% used [0x00000000eab00000,0x00000000eab00000,0x00000000ebb80000)
  from space 6656K, 100% used [0x00000000ebb80000,0x00000000ec200000,0x00000000ec200000)
  to   space 16896K, 0% used [0x00000000ecc00000,0x00000000ecc00000,0x00000000edc80000)
 ParOldGen       total 94208K, used 94200K [0x00000000c0000000, 0x00000000c5c00000, 0x00000000eab00000)
  object space 94208K, 99% used [0x00000000c0000000,0x00000000c5bfe178,0x00000000c5c00000)
 Metaspace       used 65064K, committed 66112K, reserved 1114112K
  class space    used 6925K, committed 7360K, reserved 1048576K
}
Event: 14.859 GC heap after
{Heap after GC invocations=37 (full 4):
 PSYoungGen      total 33792K, used 0K [0x00000000eab00000, 0x00000000edc80000, 0x0000000100000000)
  eden space 16896K, 0% used [0x00000000eab00000,0x00000000eab00000,0x00000000ebb80000)
  from space 16896K, 0% used [0x00000000ecc00000,0x00000000ecc00000,0x00000000edc80000)
  to   space 16896K, 0% used [0x00000000ebb80000,0x00000000ebb80000,0x00000000ecc00000)
 ParOldGen       total 101376K, used 66651K [0x00000000c0000000, 0x00000000c6300000, 0x00000000eab00000)
  object space 101376K, 65% used [0x00000000c0000000,0x00000000c4116d18,0x00000000c6300000)
 Metaspace       used 65064K, committed 66112K, reserved 1114112K
  class space    used 6925K, committed 7360K, reserved 1048576K
}
Event: 14.907 GC heap before
{Heap before GC invocations=38 (full 4):
 PSYoungGen      total 33792K, used 16896K [0x00000000eab00000, 0x00000000edc80000, 0x0000000100000000)
  eden space 16896K, 100% used [0x00000000eab00000,0x00000000ebb80000,0x00000000ebb80000)
  from space 16896K, 0% used [0x00000000ecc00000,0x00000000ecc00000,0x00000000edc80000)
  to   space 16896K, 0% used [0x00000000ebb80000,0x00000000ebb80000,0x00000000ecc00000)
 ParOldGen       total 101376K, used 66651K [0x00000000c0000000, 0x00000000c6300000, 0x00000000eab00000)
  object space 101376K, 65% used [0x00000000c0000000,0x00000000c4116d18,0x00000000c6300000)
 Metaspace       used 65064K, committed 66112K, reserved 1114112K
  class space    used 6925K, committed 7360K, reserved 1048576K
}
Event: 14.914 GC heap after
{Heap after GC invocations=38 (full 4):
 PSYoungGen      total 30208K, used 12992K [0x00000000eab00000, 0x00000000ed680000, 0x0000000100000000)
  eden space 16896K, 0% used [0x00000000eab00000,0x00000000eab00000,0x00000000ebb80000)
  from space 13312K, 97% used [0x00000000ebb80000,0x00000000ec830000,0x00000000ec880000)
  to   space 13824K, 0% used [0x00000000ec900000,0x00000000ec900000,0x00000000ed680000)
 ParOldGen       total 101376K, used 66651K [0x00000000c0000000, 0x00000000c6300000, 0x00000000eab00000)
  object space 101376K, 65% used [0x00000000c0000000,0x00000000c4116d18,0x00000000c6300000)
 Metaspace       used 65064K, committed 66112K, reserved 1114112K
  class space    used 6925K, committed 7360K, reserved 1048576K
}
Event: 23.208 GC heap before
{Heap before GC invocations=39 (full 4):
 PSYoungGen      total 30208K, used 29888K [0x00000000eab00000, 0x00000000ed680000, 0x0000000100000000)
  eden space 16896K, 100% used [0x00000000eab00000,0x00000000ebb80000,0x00000000ebb80000)
  from space 13312K, 97% used [0x00000000ebb80000,0x00000000ec830000,0x00000000ec880000)
  to   space 13824K, 0% used [0x00000000ec900000,0x00000000ec900000,0x00000000ed680000)
 ParOldGen       total 101376K, used 66651K [0x00000000c0000000, 0x00000000c6300000, 0x00000000eab00000)
  object space 101376K, 65% used [0x00000000c0000000,0x00000000c4116d18,0x00000000c6300000)
 Metaspace       used 65860K, committed 67008K, reserved 1114112K
  class space    used 7042K, committed 7488K, reserved 1048576K
}
Event: 23.223 GC heap after
{Heap after GC invocations=39 (full 4):
 PSYoungGen      total 26112K, used 8832K [0x00000000eab00000, 0x00000000ed200000, 0x0000000100000000)
  eden space 16896K, 0% used [0x00000000eab00000,0x00000000eab00000,0x00000000ebb80000)
  from space 9216K, 95% used [0x00000000ec900000,0x00000000ed1a0000,0x00000000ed200000)
  to   space 10752K, 0% used [0x00000000ebd00000,0x00000000ebd00000,0x00000000ec780000)
 ParOldGen       total 101376K, used 79627K [0x00000000c0000000, 0x00000000c6300000, 0x00000000eab00000)
  object space 101376K, 78% used [0x00000000c0000000,0x00000000c4dc2d18,0x00000000c6300000)
 Metaspace       used 65860K, committed 67008K, reserved 1114112K
  class space    used 7042K, committed 7488K, reserved 1048576K
}
Event: 23.561 GC heap before
{Heap before GC invocations=40 (full 4):
 PSYoungGen      total 26112K, used 25720K [0x00000000eab00000, 0x00000000ed200000, 0x0000000100000000)
  eden space 16896K, 99% used [0x00000000eab00000,0x00000000ebb7e208,0x00000000ebb80000)
  from space 9216K, 95% used [0x00000000ec900000,0x00000000ed1a0000,0x00000000ed200000)
  to   space 10752K, 0% used [0x00000000ebd00000,0x00000000ebd00000,0x00000000ec780000)
 ParOldGen       total 101376K, used 79627K [0x00000000c0000000, 0x00000000c6300000, 0x00000000eab00000)
  object space 101376K, 78% used [0x00000000c0000000,0x00000000c4dc2d18,0x00000000c6300000)
 Metaspace       used 67126K, committed 68352K, reserved 1114112K
  class space    used 7188K, committed 7680K, reserved 1048576K
}
Event: 23.570 GC heap after
{Heap after GC invocations=40 (full 4):
 PSYoungGen      total 18432K, used 1184K [0x00000000eab00000, 0x00000000ec980000, 0x0000000100000000)
  eden space 16896K, 0% used [0x00000000eab00000,0x00000000eab00000,0x00000000ebb80000)
  from space 1536K, 77% used [0x00000000ebd00000,0x00000000ebe28020,0x00000000ebe80000)
  to   space 4608K, 0% used [0x00000000ec500000,0x00000000ec500000,0x00000000ec980000)
 ParOldGen       total 101376K, used 88440K [0x00000000c0000000, 0x00000000c6300000, 0x00000000eab00000)
  object space 101376K, 87% used [0x00000000c0000000,0x00000000c565e198,0x00000000c6300000)
 Metaspace       used 67126K, committed 68352K, reserved 1114112K
  class space    used 7188K, committed 7680K, reserved 1048576K
}
Event: 23.762 GC heap before
{Heap before GC invocations=41 (full 4):
 PSYoungGen      total 18432K, used 18079K [0x00000000eab00000, 0x00000000ec980000, 0x0000000100000000)
  eden space 16896K, 99% used [0x00000000eab00000,0x00000000ebb7fe78,0x00000000ebb80000)
  from space 1536K, 77% used [0x00000000ebd00000,0x00000000ebe28020,0x00000000ebe80000)
  to   space 4608K, 0% used [0x00000000ec500000,0x00000000ec500000,0x00000000ec980000)
 ParOldGen       total 101376K, used 88440K [0x00000000c0000000, 0x00000000c6300000, 0x00000000eab00000)
  object space 101376K, 87% used [0x00000000c0000000,0x00000000c565e198,0x00000000c6300000)
 Metaspace       used 68559K, committed 69760K, reserved 1114112K
  class space    used 7316K, committed 7808K, reserved 1048576K
}
Event: 23.764 GC heap after
{Heap after GC invocations=41 (full 4):
 PSYoungGen      total 17920K, used 672K [0x00000000eab00000, 0x00000000ec600000, 0x0000000100000000)
  eden space 16896K, 0% used [0x00000000eab00000,0x00000000eab00000,0x00000000ebb80000)
  from space 1024K, 65% used [0x00000000ec500000,0x00000000ec5a8000,0x00000000ec600000)
  to   space 1536K, 0% used [0x00000000ec300000,0x00000000ec300000,0x00000000ec480000)
 ParOldGen       total 101376K, used 89501K [0x00000000c0000000, 0x00000000c6300000, 0x00000000eab00000)
  object space 101376K, 88% used [0x00000000c0000000,0x00000000c5767638,0x00000000c6300000)
 Metaspace       used 68559K, committed 69760K, reserved 1114112K
  class space    used 7316K, committed 7808K, reserved 1048576K
}

